\BOOKMARK [0][-]{chapter.1}{\376\377\000H\000o\000w\000T\000o\000s}{}% 1
\BOOKMARK [1][-]{section.1.1}{\376\377\000I\000n\000s\000t\000a\000l\000l\000\040\000t\000h\000e\000\040\000B\000e\000a\000g\000l\000e\000S\000y\000s\000t\000e\000m\000s\000\040\000S\000o\000f\000t\000w\000a\000r\000e\000\040\000o\000n\000\040\000a\000\040\000d\000r\000o\000n\000e}{chapter.1}% 2
\BOOKMARK [1][-]{section.1.2}{\376\377\000I\000n\000s\000t\000a\000l\000l\000\040\000F\000T\0004\0002\0003\0002\000H}{chapter.1}% 3
\BOOKMARK [1][-]{section.1.3}{\376\377\000C\000o\000m\000p\000i\000l\000e\000\040\000t\000h\000e\000\040\000d\000o\000c\000u\000m\000e\000n\000t\000a\000t\000i\000o\000n}{chapter.1}% 4
\BOOKMARK [2][-]{subsection.1.3.1}{\376\377\000T\000o\000\040\000g\000e\000n\000e\000r\000a\000t\000e\000\040\000a\000\040\000p\000d\000f\000\040\000u\000s\000i\000n\000g\000\040\000l\000a\000t\000e\000x}{section.1.3}% 5
\BOOKMARK [1][-]{section.1.4}{\376\377\000D\000e\000b\000u\000g\000\040\000P\000X\0004\000\040\000t\000o\000p\000i\000c\000s}{chapter.1}% 6
\BOOKMARK [1][-]{section.1.5}{\376\377\000H\000o\000w\000\040\000t\000o\000\040\000d\000e\000b\000u\000g\000\040\000U\000S\000B}{chapter.1}% 7
\BOOKMARK [0][-]{chapter.2}{\376\377\000H\000a\000r\000d\000w\000a\000r\000e}{}% 8
\BOOKMARK [1][-]{section.2.1}{\376\377\000P\000a\000y\000l\000o\000a\000d\000s}{chapter.2}% 9
\BOOKMARK [2][-]{subsection.2.1.1}{\376\377\000E\000H\0002\0000\0000\0000}{section.2.1}% 10
\BOOKMARK [0][-]{chapter.3}{\376\377\000R\000e\000f\000e\000r\000e\000n\000c\000e}{}% 11
\BOOKMARK [1][-]{section.3.1}{\376\377\000R\000O\000S\000\040\000M\000e\000s\000s\000a\000g\000e\000s}{chapter.3}% 12
\BOOKMARK [2][-]{subsection.3.1.1}{\376\377\000R\000O\000S\000\040\000m\000e\000s\000s\000a\000g\000e\000\040\000d\000e\000f\000i\000n\000i\000t\000i\000o\000n\000s}{section.3.1}% 13
\BOOKMARK [1][-]{section.3.2}{\376\377\000M\000Q\000T\000T\000\040\000i\000n\000t\000e\000r\000f\000a\000c\000e}{chapter.3}% 14
\BOOKMARK [2][-]{subsection.3.2.1}{\376\377\000M\000Q\000T\000T\000\040\000i\000n\000t\000e\000r\000f\000a\000c\000e\000\040\000c\000o\000n\000f\000i\000g\000u\000r\000a\000t\000i\000o\000n}{section.3.2}% 15
\BOOKMARK [1][-]{section.3.3}{\376\377\000m\000q\000t\000t\000\137\000b\000r\000i\000d\000g\000e}{chapter.3}% 16
\BOOKMARK [2][-]{subsection.3.3.1}{\376\377\000m\000q\000t\000t\000\137\000b\000r\000i\000d\000g\000e\000\040\000p\000a\000c\000k\000a\000g\000e}{section.3.3}% 17
\BOOKMARK [0][-]{chapter.4}{\376\377\000P\000r\000e\000c\000i\000s\000i\000o\000n\000\040\000L\000a\000n\000d\000i\000n\000g}{}% 18
\BOOKMARK [1][-]{section.4.1}{\376\377\000P\000r\000e\000c\000i\000s\000i\000o\000n\000\040\000L\000a\000n\000d\000i\000n\000g\000\040\000S\000t\000a\000t\000e\000\040\000M\000a\000c\000h\000i\000n\000e}{chapter.4}% 19
\BOOKMARK [1][-]{section.4.2}{\376\377\000P\000r\000e\000c\000i\000s\000i\000o\000n\000\040\000L\000a\000n\000d\000i\000n\000g\000\040\000I\000n\000t\000e\000g\000r\000a\000t\000i\000o\000n\000\040\000w\000i\000t\000h\000\040\000G\000i\000m\000b\000a\000l\000\040\000C\000a\000m\000e\000r\000a}{chapter.4}% 20
\BOOKMARK [0][-]{section*.24}{\376\377\000P\000y\000t\000h\000o\000n\000\040\000M\000o\000d\000u\000l\000e\000\040\000I\000n\000d\000e\000x}{}% 21
\BOOKMARK [0][-]{section*.25}{\376\377\000I\000n\000d\000e\000x}{}% 22
